#! /usr/bin/vvp
:ivl_version "12.0 (stable)";
:ivl_delay_selection "TYPICAL";
:vpi_time_precision + 0;
:vpi_module "/usr/lib/x86_64-linux-gnu/ivl/system.vpi";
:vpi_module "/usr/lib/x86_64-linux-gnu/ivl/vhdl_sys.vpi";
:vpi_module "/usr/lib/x86_64-linux-gnu/ivl/vhdl_textio.vpi";
:vpi_module "/usr/lib/x86_64-linux-gnu/ivl/v2005_math.vpi";
:vpi_module "/usr/lib/x86_64-linux-gnu/ivl/va_math.vpi";
:vpi_module "/usr/lib/x86_64-linux-gnu/ivl/v2009.vpi";
S_0x5bbeef7e6c30 .scope package, "$unit" "$unit" 2 1;
 .timescale 0 0;
S_0x5bbeef7e6dc0 .scope module, "mux2_tb" "mux2_tb" 3 1;
 .timescale 0 0;
v0x5bbeef7fd0e0_0 .var "a", 0 0;
v0x5bbeef7fd1a0_0 .var "b", 0 0;
v0x5bbeef7fd270_0 .var "c", 0 0;
v0x5bbeef7fd370_0 .net "out", 0 0, L_0x5bbeef7fd440;  1 drivers
S_0x5bbeef7ad490 .scope module, "dut" "mux2" 3 4, 4 1 0, S_0x5bbeef7e6dc0;
 .timescale 0 0;
    .port_info 0 /INPUT 1 "a";
    .port_info 1 /INPUT 1 "b";
    .port_info 2 /INPUT 1 "c";
    .port_info 3 /OUTPUT 1 "out";
v0x5bbeef7ad690_0 .net "a", 0 0, v0x5bbeef7fd0e0_0;  1 drivers
v0x5bbeef7fcde0_0 .net "b", 0 0, v0x5bbeef7fd1a0_0;  1 drivers
v0x5bbeef7fcea0_0 .net "c", 0 0, v0x5bbeef7fd270_0;  1 drivers
v0x5bbeef7fcf70_0 .net "out", 0 0, L_0x5bbeef7fd440;  alias, 1 drivers
L_0x5bbeef7fd440 .functor MUXZ 1, v0x5bbeef7fd0e0_0, v0x5bbeef7fd1a0_0, v0x5bbeef7fd270_0, C4<>;
    .scope S_0x5bbeef7e6dc0;
T_0 ;
    %pushi/vec4 0, 0, 1;
    %store/vec4 v0x5bbeef7fd270_0, 0, 1;
    %pushi/vec4 0, 0, 1;
    %store/vec4 v0x5bbeef7fd0e0_0, 0, 1;
    %pushi/vec4 0, 0, 1;
    %store/vec4 v0x5bbeef7fd1a0_0, 0, 1;
    %delay 10, 0;
    %pushi/vec4 0, 0, 1;
    %store/vec4 v0x5bbeef7fd270_0, 0, 1;
    %pushi/vec4 0, 0, 1;
    %store/vec4 v0x5bbeef7fd0e0_0, 0, 1;
    %pushi/vec4 1, 0, 1;
    %store/vec4 v0x5bbeef7fd1a0_0, 0, 1;
    %delay 10, 0;
    %pushi/vec4 0, 0, 1;
    %store/vec4 v0x5bbeef7fd270_0, 0, 1;
    %pushi/vec4 1, 0, 1;
    %store/vec4 v0x5bbeef7fd0e0_0, 0, 1;
    %pushi/vec4 0, 0, 1;
    %store/vec4 v0x5bbeef7fd1a0_0, 0, 1;
    %delay 10, 0;
    %pushi/vec4 0, 0, 1;
    %store/vec4 v0x5bbeef7fd270_0, 0, 1;
    %pushi/vec4 1, 0, 1;
    %store/vec4 v0x5bbeef7fd0e0_0, 0, 1;
    %pushi/vec4 1, 0, 1;
    %store/vec4 v0x5bbeef7fd1a0_0, 0, 1;
    %delay 10, 0;
    %pushi/vec4 1, 0, 1;
    %store/vec4 v0x5bbeef7fd270_0, 0, 1;
    %pushi/vec4 0, 0, 1;
    %store/vec4 v0x5bbeef7fd0e0_0, 0, 1;
    %pushi/vec4 0, 0, 1;
    %store/vec4 v0x5bbeef7fd1a0_0, 0, 1;
    %delay 10, 0;
    %pushi/vec4 1, 0, 1;
    %store/vec4 v0x5bbeef7fd270_0, 0, 1;
    %pushi/vec4 0, 0, 1;
    %store/vec4 v0x5bbeef7fd0e0_0, 0, 1;
    %pushi/vec4 1, 0, 1;
    %store/vec4 v0x5bbeef7fd1a0_0, 0, 1;
    %delay 10, 0;
    %pushi/vec4 1, 0, 1;
    %store/vec4 v0x5bbeef7fd270_0, 0, 1;
    %pushi/vec4 1, 0, 1;
    %store/vec4 v0x5bbeef7fd0e0_0, 0, 1;
    %pushi/vec4 0, 0, 1;
    %store/vec4 v0x5bbeef7fd1a0_0, 0, 1;
    %delay 10, 0;
    %pushi/vec4 1, 0, 1;
    %store/vec4 v0x5bbeef7fd270_0, 0, 1;
    %pushi/vec4 1, 0, 1;
    %store/vec4 v0x5bbeef7fd0e0_0, 0, 1;
    %pushi/vec4 1, 0, 1;
    %store/vec4 v0x5bbeef7fd1a0_0, 0, 1;
    %delay 10, 0;
    %vpi_call/w 3 20 "$finish" {0 0 0};
    %end;
    .thread T_0;
    .scope S_0x5bbeef7e6dc0;
T_1 ;
    %vpi_call/w 3 23 "$monitor", "Time = %0t | c = %b a = %b b = %b | out = %b", $time, v0x5bbeef7fd270_0, v0x5bbeef7fd0e0_0, v0x5bbeef7fd1a0_0, v0x5bbeef7fd370_0 {0 0 0};
    %end;
    .thread T_1;
# The file index is used to find the file name in the following table.
:file_names 5;
    "N/A";
    "<interactive>";
    "-";
    "mux2_tb.sv";
    "mux2.sv";
